#
# There is insufficient memory for the Java Runtime Environment to continue.
# Native memory allocation (malloc) failed to allocate 182528 bytes for Chunk::new
# Possible reasons:
#   The system is out of physical RAM or swap space
#   The process is running with CompressedOops enabled, and the Java Heap may be blocking the growth of the native heap
# Possible solutions:
#   Reduce memory load on the system
#   Increase physical memory or swap space
#   Check if swap backing store is full
#   Decrease Java heap size (-Xmx/-Xms)
#   Decrease number of Java threads
#   Decrease Java thread stack sizes (-Xss)
#   Set larger code cache with -XX:ReservedCodeCacheSize=
#   JVM is running with Unscaled Compressed Oops mode in which the Java heap is
#     placed in the first 4GB address space. The Java Heap base address is the
#     maximum limit for the native heap growth. Please use -XX:HeapBaseMinAddress
#     to set the Java Heap base and to place the Java Heap above 4GB virtual address.
# This output file may be truncated or incomplete.
#
#  Out of Memory Error (arena.cpp:168), pid=7704, tid=16220
#
# JRE version: Java(TM) SE Runtime Environment (21.0.1+12) (build 21.0.1+12-LTS-29)
# Java VM: Java HotSpot(TM) 64-Bit Server VM (21.0.1+12-LTS-29, mixed mode, sharing, tiered, compressed oops, compressed class ptrs, g1 gc, windows-amd64)
# No core dump will be written. Minidumps are not enabled by default on client versions of Windows
#

---------------  S U M M A R Y ------------

Command Line: -javaagent:C:\Program Files\JetBrains\IntelliJ IDEA Community Edition 2023.2.5\lib\idea_rt.jar=50388:C:\Program Files\JetBrains\IntelliJ IDEA Community Edition 2023.2.5\bin -Dfile.encoding=UTF-8 -Dsun.stdout.encoding=UTF-8 -Dsun.stderr.encoding=UTF-8 student.registration.StudentRegistrationForm

Host: AMD Ryzen 5 5500U with Radeon Graphics         , 12 cores, 7G,  Windows 11 , 64 bit Build 22621 (10.0.22621.3374)
Time: Tue Jun 11 02:07:50 2024 Egypt Standard Time elapsed time: 0.836292 seconds (0d 0h 0m 0s)

---------------  T H R E A D  ---------------

Current thread (0x000001d57d9cd910):  JavaThread "C2 CompilerThread0" daemon [_thread_in_native, id=16220, stack(0x00000072e0200000,0x00000072e0300000) (1024K)]


Current CompileTask:
C2:    836  676       4       java.util.HashMap::put (13 bytes)

Stack: [0x00000072e0200000,0x00000072e0300000]
Native frames: (J=compiled Java code, j=interpreted, Vv=VM code, C=native code)
V  [jvm.dll+0x6c9029]
V  [jvm.dll+0x854b81]
V  [jvm.dll+0x856e5e]
V  [jvm.dll+0x857543]
V  [jvm.dll+0x280c06]
V  [jvm.dll+0xc3ead]
V  [jvm.dll+0xc43c3]
V  [jvm.dll+0x3b576c]
V  [jvm.dll+0x382475]
V  [jvm.dll+0x3818ea]
V  [jvm.dll+0x249ad0]
V  [jvm.dll+0x2490b1]
V  [jvm.dll+0x1c9ca1]
V  [jvm.dll+0x2586b9]
V  [jvm.dll+0x256c9a]
V  [jvm.dll+0x3ef1b6]
V  [jvm.dll+0x7fd728]
V  [jvm.dll+0x6c777d]
C  [ucrtbase.dll+0x29333]
C  [KERNEL32.DLL+0x1257d]
C  [ntdll.dll+0x5aa48]


---------------  P R O C E S S  ---------------

Threads class SMR info:
_java_thread_list=0x000001d57e56de60, length=16, elements={
0x000001d56df17800, 0x000001d57d99c350, 0x000001d57d99d220, 0x000001d57d9a4970,
0x000001d57d9c53e0, 0x000001d57d9c6790, 0x000001d57d9c74d0, 0x000001d57d9cd910,
0x000001d57d9d08b0, 0x000001d57dc1ec90, 0x000001d57dd14730, 0x000001d57dd14da0,
0x000001d57de7de70, 0x000001d57de81420, 0x000001d57de84dd0, 0x000001d57df5e020
}

Java Threads: ( => current thread )
  0x000001d56df17800 JavaThread "main"                              [_thread_in_native, id=18396, stack(0x00000072df400000,0x00000072df500000) (1024K)]
  0x000001d57d99c350 JavaThread "Reference Handler"          daemon [_thread_blocked, id=19948, stack(0x00000072dfc00000,0x00000072dfd00000) (1024K)]
  0x000001d57d99d220 JavaThread "Finalizer"                  daemon [_thread_blocked, id=2284, stack(0x00000072dfd00000,0x00000072dfe00000) (1024K)]
  0x000001d57d9a4970 JavaThread "Signal Dispatcher"          daemon [_thread_blocked, id=916, stack(0x00000072dfe00000,0x00000072dff00000) (1024K)]
  0x000001d57d9c53e0 JavaThread "Attach Listener"            daemon [_thread_blocked, id=3184, stack(0x00000072dff00000,0x00000072e0000000) (1024K)]
  0x000001d57d9c6790 JavaThread "Service Thread"             daemon [_thread_blocked, id=15692, stack(0x00000072e0000000,0x00000072e0100000) (1024K)]
  0x000001d57d9c74d0 JavaThread "Monitor Deflation Thread"   daemon [_thread_blocked, id=14912, stack(0x00000072e0100000,0x00000072e0200000) (1024K)]
=>0x000001d57d9cd910 JavaThread "C2 CompilerThread0"         daemon [_thread_in_native, id=16220, stack(0x00000072e0200000,0x00000072e0300000) (1024K)]
  0x000001d57d9d08b0 JavaThread "C1 CompilerThread0"         daemon [_thread_blocked, id=3384, stack(0x00000072e0300000,0x00000072e0400000) (1024K)]
  0x000001d57dc1ec90 JavaThread "Common-Cleaner"             daemon [_thread_blocked, id=11876, stack(0x00000072e0400000,0x00000072e0500000) (1024K)]
  0x000001d57dd14730 JavaThread "Monitor Ctrl-Break"         daemon [_thread_in_native, id=19308, stack(0x00000072e0500000,0x00000072e0600000) (1024K)]
  0x000001d57dd14da0 JavaThread "Notification Thread"        daemon [_thread_blocked, id=17040, stack(0x00000072e0600000,0x00000072e0700000) (1024K)]
  0x000001d57de7de70 JavaThread "Java2D Disposer"            daemon [_thread_blocked, id=15696, stack(0x00000072e0700000,0x00000072e0800000) (1024K)]
  0x000001d57de81420 JavaThread "AWT-Shutdown"                      [_thread_blocked, id=17660, stack(0x00000072e0800000,0x00000072e0900000) (1024K)]
  0x000001d57de84dd0 JavaThread "AWT-Windows"                daemon [_thread_in_native, id=10272, stack(0x00000072e0900000,0x00000072e0a00000) (1024K)]
  0x000001d57df5e020 JavaThread "AWT-EventQueue-0"                  [_thread_blocked, id=8340, stack(0x00000072e0c00000,0x00000072e0d00000) (1024K)]
Total: 16

Other Threads:
  0x000001d57d983070 VMThread "VM Thread"                           [id=2444, stack(0x00000072dfb00000,0x00000072dfc00000) (1024K)]
  0x000001d57d964540 WatcherThread "VM Periodic Task Thread"        [id=2384, stack(0x00000072dfa00000,0x00000072dfb00000) (1024K)]
  0x000001d56df6aa30 WorkerThread "GC Thread#0"                     [id=20516, stack(0x00000072df500000,0x00000072df600000) (1024K)]
  0x000001d56df7a680 ConcurrentGCThread "G1 Main Marker"            [id=13744, stack(0x00000072df600000,0x00000072df700000) (1024K)]
  0x000001d56df7c8a0 WorkerThread "G1 Conc#0"                       [id=10940, stack(0x00000072df700000,0x00000072df800000) (1024K)]
  0x000001d57d838500 ConcurrentGCThread "G1 Refine#0"               [id=7584, stack(0x00000072df800000,0x00000072df900000) (1024K)]
  0x000001d57d838f70 ConcurrentGCThread "G1 Service"                [id=12960, stack(0x00000072df900000,0x00000072dfa00000) (1024K)]
Total: 7

Threads with active compile tasks:
C2 CompilerThread0      888  676       4       java.util.HashMap::put (13 bytes)
Total: 1

VM state: not at safepoint (normal execution)

VM Mutex/Monitor currently owned by a thread: None

Heap address: 0x000000008a200000, size: 1886 MB, Compressed Oops mode: 32-bit

CDS archive(s) mapped at: [0x000001d50f000000-0x000001d50fc90000-0x000001d50fc90000), size 13172736, SharedBaseAddress: 0x000001d50f000000, ArchiveRelocationMode: 1.
Compressed class space mapped at: 0x000001d510000000-0x000001d550000000, reserved size: 1073741824
Narrow klass base: 0x000001d50f000000, Narrow klass shift: 0, Narrow klass range: 0x100000000

GC Precious Log:
 CardTable entry size: 512
 Card Set container configuration: InlinePtr #cards 5 size 8 Array Of Cards #cards 12 size 40 Howl #buckets 4 coarsen threshold 1843 Howl Bitmap #cards 512 size 80 coarsen threshold 460 Card regions per heap region 1 cards per card region 2048
 CPUs: 12 total, 12 available
 Memory: 7541M
 Large Page Support: Disabled
 NUMA Support: Disabled
 Compressed Oops: Enabled (32-bit)
 Heap Region Size: 1M
 Heap Min Capacity: 8M
 Heap Initial Capacity: 118M
 Heap Max Capacity: 1886M
 Pre-touch: Disabled
 Parallel Workers: 10
 Concurrent Workers: 3
 Concurrent Refinement Workers: 10
 Periodic GC: Disabled

Heap:
 garbage-first heap   total 120832K, used 6144K [0x000000008a200000, 0x0000000100000000)
  region size 1024K, 7 young (7168K), 0 survivors (0K)
 Metaspace       used 8795K, committed 9088K, reserved 1114112K
  class space    used 1015K, committed 1152K, reserved 1048576K

Heap Regions: E=young(eden), S=young(survivor), O=old, HS=humongous(starts), HC=humongous(continues), CS=collection set, F=free, TAMS=top-at-mark-start, PB=parsable bottom
|   0|0x000000008a200000, 0x000000008a200000, 0x000000008a300000|  0%| F|  |TAMS 0x000000008a200000| PB 0x000000008a200000| Untracked 
|   1|0x000000008a300000, 0x000000008a300000, 0x000000008a400000|  0%| F|  |TAMS 0x000000008a300000| PB 0x000000008a300000| Untracked 
|   2|0x000000008a400000, 0x000000008a400000, 0x000000008a500000|  0%| F|  |TAMS 0x000000008a400000| PB 0x000000008a400000| Untracked 
|   3|0x000000008a500000, 0x000000008a500000, 0x000000008a600000|  0%| F|  |TAMS 0x000000008a500000| PB 0x000000008a500000| Untracked 
|   4|0x000000008a600000, 0x000000008a600000, 0x000000008a700000|  0%| F|  |TAMS 0x000000008a600000| PB 0x000000008a600000| Untracked 
|   5|0x000000008a700000, 0x000000008a700000, 0x000000008a800000|  0%| F|  |TAMS 0x000000008a700000| PB 0x000000008a700000| Untracked 
|   6|0x000000008a800000, 0x000000008a800000, 0x000000008a900000|  0%| F|  |TAMS 0x000000008a800000| PB 0x000000008a800000| Untracked 
|   7|0x000000008a900000, 0x000000008a900000, 0x000000008aa00000|  0%| F|  |TAMS 0x000000008a900000| PB 0x000000008a900000| Untracked 
|   8|0x000000008aa00000, 0x000000008aa00000, 0x000000008ab00000|  0%| F|  |TAMS 0x000000008aa00000| PB 0x000000008aa00000| Untracked 
|   9|0x000000008ab00000, 0x000000008ab00000, 0x000000008ac00000|  0%| F|  |TAMS 0x000000008ab00000| PB 0x000000008ab00000| Untracked 
|  10|0x000000008ac00000, 0x000000008ac00000, 0x000000008ad00000|  0%| F|  |TAMS 0x000000008ac00000| PB 0x000000008ac00000| Untracked 
|  11|0x000000008ad00000, 0x000000008ad00000, 0x000000008ae00000|  0%| F|  |TAMS 0x000000008ad00000| PB 0x000000008ad00000| Untracked 
|  12|0x000000008ae00000, 0x000000008ae00000, 0x000000008af00000|  0%| F|  |TAMS 0x000000008ae00000| PB 0x000000008ae00000| Untracked 
|  13|0x000000008af00000, 0x000000008af00000, 0x000000008b000000|  0%| F|  |TAMS 0x000000008af00000| PB 0x000000008af00000| Untracked 
|  14|0x000000008b000000, 0x000000008b000000, 0x000000008b100000|  0%| F|  |TAMS 0x000000008b000000| PB 0x000000008b000000| Untracked 
|  15|0x000000008b100000, 0x000000008b100000, 0x000000008b200000|  0%| F|  |TAMS 0x000000008b100000| PB 0x000000008b100000| Untracked 
|  16|0x000000008b200000, 0x000000008b200000, 0x000000008b300000|  0%| F|  |TAMS 0x000000008b200000| PB 0x000000008b200000| Untracked 
|  17|0x000000008b300000, 0x000000008b300000, 0x000000008b400000|  0%| F|  |TAMS 0x000000008b300000| PB 0x000000008b300000| Untracked 
|  18|0x000000008b400000, 0x000000008b400000, 0x000000008b500000|  0%| F|  |TAMS 0x000000008b400000| PB 0x000000008b400000| Untracked 
|  19|0x000000008b500000, 0x000000008b500000, 0x000000008b600000|  0%| F|  |TAMS 0x000000008b500000| PB 0x000000008b500000| Untracked 
|  20|0x000000008b600000, 0x000000008b600000, 0x000000008b700000|  0%| F|  |TAMS 0x000000008b600000| PB 0x000000008b600000| Untracked 
|  21|0x000000008b700000, 0x000000008b700000, 0x000000008b800000|  0%| F|  |TAMS 0x000000008b700000| PB 0x000000008b700000| Untracked 
|  22|0x000000008b800000, 0x000000008b800000, 0x000000008b900000|  0%| F|  |TAMS 0x000000008b800000| PB 0x000000008b800000| Untracked 
|  23|0x000000008b900000, 0x000000008b900000, 0x000000008ba00000|  0%| F|  |TAMS 0x000000008b900000| PB 0x000000008b900000| Untracked 
|  24|0x000000008ba00000, 0x000000008ba00000, 0x000000008bb00000|  0%| F|  |TAMS 0x000000008ba00000| PB 0x000000008ba00000| Untracked 
|  25|0x000000008bb00000, 0x000000008bb00000, 0x000000008bc00000|  0%| F|  |TAMS 0x000000008bb00000| PB 0x000000008bb00000| Untracked 
|  26|0x000000008bc00000, 0x000000008bc00000, 0x000000008bd00000|  0%| F|  |TAMS 0x000000008bc00000| PB 0x000000008bc00000| Untracked 
|  27|0x000000008bd00000, 0x000000008bd00000, 0x000000008be00000|  0%| F|  |TAMS 0x000000008bd00000| PB 0x000000008bd00000| Untracked 
|  28|0x000000008be00000, 0x000000008be00000, 0x000000008bf00000|  0%| F|  |TAMS 0x000000008be00000| PB 0x000000008be00000| Untracked 
|  29|0x000000008bf00000, 0x000000008bf00000, 0x000000008c000000|  0%| F|  |TAMS 0x000000008bf00000| PB 0x000000008bf00000| Untracked 
|  30|0x000000008c000000, 0x000000008c000000, 0x000000008c100000|  0%| F|  |TAMS 0x000000008c000000| PB 0x000000008c000000| Untracked 
|  31|0x000000008c100000, 0x000000008c100000, 0x000000008c200000|  0%| F|  |TAMS 0x000000008c100000| PB 0x000000008c100000| Untracked 
|  32|0x000000008c200000, 0x000000008c200000, 0x000000008c300000|  0%| F|  |TAMS 0x000000008c200000| PB 0x000000008c200000| Untracked 
|  33|0x000000008c300000, 0x000000008c300000, 0x000000008c400000|  0%| F|  |TAMS 0x000000008c300000| PB 0x000000008c300000| Untracked 
|  34|0x000000008c400000, 0x000000008c400000, 0x000000008c500000|  0%| F|  |TAMS 0x000000008c400000| PB 0x000000008c400000| Untracked 
|  35|0x000000008c500000, 0x000000008c500000, 0x000000008c600000|  0%| F|  |TAMS 0x000000008c500000| PB 0x000000008c500000| Untracked 
|  36|0x000000008c600000, 0x000000008c600000, 0x000000008c700000|  0%| F|  |TAMS 0x000000008c600000| PB 0x000000008c600000| Untracked 
|  37|0x000000008c700000, 0x000000008c700000, 0x000000008c800000|  0%| F|  |TAMS 0x000000008c700000| PB 0x000000008c700000| Untracked 
|  38|0x000000008c800000, 0x000000008c800000, 0x000000008c900000|  0%| F|  |TAMS 0x000000008c800000| PB 0x000000008c800000| Untracked 
|  39|0x000000008c900000, 0x000000008c900000, 0x000000008ca00000|  0%| F|  |TAMS 0x000000008c900000| PB 0x000000008c900000| Untracked 
|  40|0x000000008ca00000, 0x000000008ca00000, 0x000000008cb00000|  0%| F|  |TAMS 0x000000008ca00000| PB 0x000000008ca00000| Untracked 
|  41|0x000000008cb00000, 0x000000008cb00000, 0x000000008cc00000|  0%| F|  |TAMS 0x000000008cb00000| PB 0x000000008cb00000| Untracked 
|  42|0x000000008cc00000, 0x000000008cc00000, 0x000000008cd00000|  0%| F|  |TAMS 0x000000008cc00000| PB 0x000000008cc00000| Untracked 
|  43|0x000000008cd00000, 0x000000008cd00000, 0x000000008ce00000|  0%| F|  |TAMS 0x000000008cd00000| PB 0x000000008cd00000| Untracked 
|  44|0x000000008ce00000, 0x000000008ce00000, 0x000000008cf00000|  0%| F|  |TAMS 0x000000008ce00000| PB 0x000000008ce00000| Untracked 
|  45|0x000000008cf00000, 0x000000008cf00000, 0x000000008d000000|  0%| F|  |TAMS 0x000000008cf00000| PB 0x000000008cf00000| Untracked 
|  46|0x000000008d000000, 0x000000008d000000, 0x000000008d100000|  0%| F|  |TAMS 0x000000008d000000| PB 0x000000008d000000| Untracked 
|  47|0x000000008d100000, 0x000000008d100000, 0x000000008d200000|  0%| F|  |TAMS 0x000000008d100000| PB 0x000000008d100000| Untracked 
|  48|0x000000008d200000, 0x000000008d200000, 0x000000008d300000|  0%| F|  |TAMS 0x000000008d200000| PB 0x000000008d200000| Untracked 
|  49|0x000000008d300000, 0x000000008d300000, 0x000000008d400000|  0%| F|  |TAMS 0x000000008d300000| PB 0x000000008d300000| Untracked 
|  50|0x000000008d400000, 0x000000008d400000, 0x000000008d500000|  0%| F|  |TAMS 0x000000008d400000| PB 0x000000008d400000| Untracked 
|  51|0x000000008d500000, 0x000000008d500000, 0x000000008d600000|  0%| F|  |TAMS 0x000000008d500000| PB 0x000000008d500000| Untracked 
|  52|0x000000008d600000, 0x000000008d600000, 0x000000008d700000|  0%| F|  |TAMS 0x000000008d600000| PB 0x000000008d600000| Untracked 
|  53|0x000000008d700000, 0x000000008d700000, 0x000000008d800000|  0%| F|  |TAMS 0x000000008d700000| PB 0x000000008d700000| Untracked 
|  54|0x000000008d800000, 0x000000008d800000, 0x000000008d900000|  0%| F|  |TAMS 0x000000008d800000| PB 0x000000008d800000| Untracked 
|  55|0x000000008d900000, 0x000000008d900000, 0x000000008da00000|  0%| F|  |TAMS 0x000000008d900000| PB 0x000000008d900000| Untracked 
|  56|0x000000008da00000, 0x000000008da00000, 0x000000008db00000|  0%| F|  |TAMS 0x000000008da00000| PB 0x000000008da00000| Untracked 
|  57|0x000000008db00000, 0x000000008db00000, 0x000000008dc00000|  0%| F|  |TAMS 0x000000008db00000| PB 0x000000008db00000| Untracked 
|  58|0x000000008dc00000, 0x000000008dc00000, 0x000000008dd00000|  0%| F|  |TAMS 0x000000008dc00000| PB 0x000000008dc00000| Untracked 
|  59|0x000000008dd00000, 0x000000008dd00000, 0x000000008de00000|  0%| F|  |TAMS 0x000000008dd00000| PB 0x000000008dd00000| Untracked 
|  60|0x000000008de00000, 0x000000008de00000, 0x000000008df00000|  0%| F|  |TAMS 0x000000008de00000| PB 0x000000008de00000| Untracked 
|  61|0x000000008df00000, 0x000000008df00000, 0x000000008e000000|  0%| F|  |TAMS 0x000000008df00000| PB 0x000000008df00000| Untracked 
|  62|0x000000008e000000, 0x000000008e000000, 0x000000008e100000|  0%| F|  |TAMS 0x000000008e000000| PB 0x000000008e000000| Untracked 
|  63|0x000000008e100000, 0x000000008e100000, 0x000000008e200000|  0%| F|  |TAMS 0x000000008e100000| PB 0x000000008e100000| Untracked 
|  64|0x000000008e200000, 0x000000008e200000, 0x000000008e300000|  0%| F|  |TAMS 0x000000008e200000| PB 0x000000008e200000| Untracked 
|  65|0x000000008e300000, 0x000000008e300000, 0x000000008e400000|  0%| F|  |TAMS 0x000000008e300000| PB 0x000000008e300000| Untracked 
|  66|0x000000008e400000, 0x000000008e400000, 0x000000008e500000|  0%| F|  |TAMS 0x000000008e400000| PB 0x000000008e400000| Untracked 
|  67|0x000000008e500000, 0x000000008e500000, 0x000000008e600000|  0%| F|  |TAMS 0x000000008e500000| PB 0x000000008e500000| Untracked 
|  68|0x000000008e600000, 0x000000008e600000, 0x000000008e700000|  0%| F|  |TAMS 0x000000008e600000| PB 0x000000008e600000| Untracked 
|  69|0x000000008e700000, 0x000000008e700000, 0x000000008e800000|  0%| F|  |TAMS 0x000000008e700000| PB 0x000000008e700000| Untracked 
|  70|0x000000008e800000, 0x000000008e800000, 0x000000008e900000|  0%| F|  |TAMS 0x000000008e800000| PB 0x000000008e800000| Untracked 
|  71|0x000000008e900000, 0x000000008e900000, 0x000000008ea00000|  0%| F|  |TAMS 0x000000008e900000| PB 0x000000008e900000| Untracked 
|  72|0x000000008ea00000, 0x000000008ea00000, 0x000000008eb00000|  0%| F|  |TAMS 0x000000008ea00000| PB 0x000000008ea00000| Untracked 
|  73|0x000000008eb00000, 0x000000008eb00000, 0x000000008ec00000|  0%| F|  |TAMS 0x000000008eb00000| PB 0x000000008eb00000| Untracked 
|  74|0x000000008ec00000, 0x000000008ec00000, 0x000000008ed00000|  0%| F|  |TAMS 0x000000008ec00000| PB 0x000000008ec00000| Untracked 
|  75|0x000000008ed00000, 0x000000008ed00000, 0x000000008ee00000|  0%| F|  |TAMS 0x000000008ed00000| PB 0x000000008ed00000| Untracked 
|  76|0x000000008ee00000, 0x000000008ee00000, 0x000000008ef00000|  0%| F|  |TAMS 0x000000008ee00000| PB 0x000000008ee00000| Untracked 
|  77|0x000000008ef00000, 0x000000008ef00000, 0x000000008f000000|  0%| F|  |TAMS 0x000000008ef00000| PB 0x000000008ef00000| Untracked 
|  78|0x000000008f000000, 0x000000008f000000, 0x000000008f100000|  0%| F|  |TAMS 0x000000008f000000| PB 0x000000008f000000| Untracked 
|  79|0x000000008f100000, 0x000000008f100000, 0x000000008f200000|  0%| F|  |TAMS 0x000000008f100000| PB 0x000000008f100000| Untracked 
|  80|0x000000008f200000, 0x000000008f200000, 0x000000008f300000|  0%| F|  |TAMS 0x000000008f200000| PB 0x000000008f200000| Untracked 
|  81|0x000000008f300000, 0x000000008f300000, 0x000000008f400000|  0%| F|  |TAMS 0x000000008f300000| PB 0x000000008f300000| Untracked 
|  82|0x000000008f400000, 0x000000008f400000, 0x000000008f500000|  0%| F|  |TAMS 0x000000008f400000| PB 0x000000008f400000| Untracked 
|  83|0x000000008f500000, 0x000000008f500000, 0x000000008f600000|  0%| F|  |TAMS 0x000000008f500000| PB 0x000000008f500000| Untracked 
|  84|0x000000008f600000, 0x000000008f600000, 0x000000008f700000|  0%| F|  |TAMS 0x000000008f600000| PB 0x000000008f600000| Untracked 
|  85|0x000000008f700000, 0x000000008f700000, 0x000000008f800000|  0%| F|  |TAMS 0x000000008f700000| PB 0x000000008f700000| Untracked 
|  86|0x000000008f800000, 0x000000008f800000, 0x000000008f900000|  0%| F|  |TAMS 0x000000008f800000| PB 0x000000008f800000| Untracked 
|  87|0x000000008f900000, 0x000000008f900000, 0x000000008fa00000|  0%| F|  |TAMS 0x000000008f900000| PB 0x000000008f900000| Untracked 
|  88|0x000000008fa00000, 0x000000008fa00000, 0x000000008fb00000|  0%| F|  |TAMS 0x000000008fa00000| PB 0x000000008fa00000| Untracked 
|  89|0x000000008fb00000, 0x000000008fb00000, 0x000000008fc00000|  0%| F|  |TAMS 0x000000008fb00000| PB 0x000000008fb00000| Untracked 
|  90|0x000000008fc00000, 0x000000008fc00000, 0x000000008fd00000|  0%| F|  |TAMS 0x000000008fc00000| PB 0x000000008fc00000| Untracked 
|  91|0x000000008fd00000, 0x000000008fd00000, 0x000000008fe00000|  0%| F|  |TAMS 0x000000008fd00000| PB 0x000000008fd00000| Untracked 
|  92|0x000000008fe00000, 0x000000008fe00000, 0x000000008ff00000|  0%| F|  |TAMS 0x000000008fe00000| PB 0x000000008fe00000| Untracked 
|  93|0x000000008ff00000, 0x000000008ff00000, 0x0000000090000000|  0%| F|  |TAMS 0x000000008ff00000| PB 0x000000008ff00000| Untracked 
|  94|0x0000000090000000, 0x0000000090000000, 0x0000000090100000|  0%| F|  |TAMS 0x0000000090000000| PB 0x0000000090000000| Untracked 
|  95|0x0000000090100000, 0x0000000090100000, 0x0000000090200000|  0%| F|  |TAMS 0x0000000090100000| PB 0x0000000090100000| Untracked 
|  96|0x0000000090200000, 0x0000000090200000, 0x0000000090300000|  0%| F|  |TAMS 0x0000000090200000| PB 0x0000000090200000| Untracked 
|  97|0x0000000090300000, 0x0000000090300000, 0x0000000090400000|  0%| F|  |TAMS 0x0000000090300000| PB 0x0000000090300000| Untracked 
|  98|0x0000000090400000, 0x0000000090400000, 0x0000000090500000|  0%| F|  |TAMS 0x0000000090400000| PB 0x0000000090400000| Untracked 
|  99|0x0000000090500000, 0x0000000090500000, 0x0000000090600000|  0%| F|  |TAMS 0x0000000090500000| PB 0x0000000090500000| Untracked 
| 100|0x0000000090600000, 0x0000000090600000, 0x0000000090700000|  0%| F|  |TAMS 0x0000000090600000| PB 0x0000000090600000| Untracked 
| 101|0x0000000090700000, 0x0000000090700000, 0x0000000090800000|  0%| F|  |TAMS 0x0000000090700000| PB 0x0000000090700000| Untracked 
| 102|0x0000000090800000, 0x0000000090800000, 0x0000000090900000|  0%| F|  |TAMS 0x0000000090800000| PB 0x0000000090800000| Untracked 
| 103|0x0000000090900000, 0x0000000090900000, 0x0000000090a00000|  0%| F|  |TAMS 0x0000000090900000| PB 0x0000000090900000| Untracked 
| 104|0x0000000090a00000, 0x0000000090a00000, 0x0000000090b00000|  0%| F|  |TAMS 0x0000000090a00000| PB 0x0000000090a00000| Untracked 
| 105|0x0000000090b00000, 0x0000000090b00000, 0x0000000090c00000|  0%| F|  |TAMS 0x0000000090b00000| PB 0x0000000090b00000| Untracked 
| 106|0x0000000090c00000, 0x0000000090c00000, 0x0000000090d00000|  0%| F|  |TAMS 0x0000000090c00000| PB 0x0000000090c00000| Untracked 
| 107|0x0000000090d00000, 0x0000000090d00000, 0x0000000090e00000|  0%| F|  |TAMS 0x0000000090d00000| PB 0x0000000090d00000| Untracked 
| 108|0x0000000090e00000, 0x0000000090e00000, 0x0000000090f00000|  0%| F|  |TAMS 0x0000000090e00000| PB 0x0000000090e00000| Untracked 
| 109|0x0000000090f00000, 0x0000000090f00000, 0x0000000091000000|  0%| F|  |TAMS 0x0000000090f00000| PB 0x0000000090f00000| Untracked 
| 110|0x0000000091000000, 0x0000000091000000, 0x0000000091100000|  0%| F|  |TAMS 0x0000000091000000| PB 0x0000000091000000| Untracked 
| 111|0x0000000091100000, 0x0000000091200000, 0x0000000091200000|100%| E|  |TAMS 0x0000000091100000| PB 0x0000000091100000| Complete 
| 112|0x0000000091200000, 0x0000000091300000, 0x0000000091300000|100%| E|CS|TAMS 0x0000000091200000| PB 0x0000000091200000| Complete 
| 113|0x0000000091300000, 0x0000000091400000, 0x0000000091400000|100%| E|CS|TAMS 0x0000000091300000| PB 0x0000000091300000| Complete 
| 114|0x0000000091400000, 0x0000000091500000, 0x0000000091500000|100%| E|CS|TAMS 0x0000000091400000| PB 0x0000000091400000| Complete 
| 115|0x0000000091500000, 0x0000000091600000, 0x0000000091600000|100%| E|CS|TAMS 0x0000000091500000| PB 0x0000000091500000| Complete 
| 116|0x0000000091600000, 0x0000000091700000, 0x0000000091700000|100%| E|CS|TAMS 0x0000000091600000| PB 0x0000000091600000| Complete 
| 117|0x0000000091700000, 0x0000000091800000, 0x0000000091800000|100%| E|CS|TAMS 0x0000000091700000| PB 0x0000000091700000| Complete 

Card table byte_map: [0x000001d578b90000,0x000001d578f40000] _byte_map_base: 0x000001d57873f000

Marking Bits: (CMBitMap*) 0x000001d56df6b030
 Bits: [0x000001d578f40000, 0x000001d57acb8000)

Polling page: 0x000001d56dfe0000

Metaspace:

Usage:
  Non-class:      7.60 MB used.
      Class:   1015.69 KB used.
       Both:      8.59 MB used.

Virtual space:
  Non-class space:       64.00 MB reserved,       7.75 MB ( 12%) committed,  1 nodes.
      Class space:        1.00 GB reserved,       1.12 MB ( <1%) committed,  1 nodes.
             Both:        1.06 GB reserved,       8.88 MB ( <1%) committed. 

Chunk freelists:
   Non-Class:  7.98 MB
       Class:  14.74 MB
        Both:  22.71 MB

MaxMetaspaceSize: unlimited
CompressedClassSpaceSize: 1.00 GB
Initial GC threshold: 21.00 MB
Current GC threshold: 21.00 MB
CDS: on
 - commit_granule_bytes: 65536.
 - commit_granule_words: 8192.
 - virtual_space_node_default_size: 8388608.
 - enlarge_chunks_in_place: 1.
 - use_allocation_guard: 0.


Internal statistics:

num_allocs_failed_limit: 0.
num_arena_births: 154.
num_arena_deaths: 0.
num_vsnodes_births: 2.
num_vsnodes_deaths: 0.
num_space_committed: 142.
num_space_uncommitted: 0.
num_chunks_returned_to_freelist: 0.
num_chunks_taken_from_freelist: 209.
num_chunk_merges: 0.
num_chunk_splits: 120.
num_chunks_enlarged: 48.
num_inconsistent_stats: 0.

CodeHeap 'non-profiled nmethods': size=120000Kb used=212Kb max_used=212Kb free=119787Kb
 bounds [0x000001d507ad0000, 0x000001d507d40000, 0x000001d50f000000]
CodeHeap 'profiled nmethods': size=120000Kb used=1015Kb max_used=1015Kb free=118984Kb
 bounds [0x000001d500000000, 0x000001d500270000, 0x000001d507530000]
CodeHeap 'non-nmethods': size=5760Kb used=1526Kb max_used=1526Kb free=4234Kb
 bounds [0x000001d507530000, 0x000001d5077a0000, 0x000001d507ad0000]
 total_blobs=1316 nmethods=718 adapters=503
 compilation: enabled
              stopped_count=0, restarted_count=0
 full_count=0

Compilation events (20 events):
Event: 0.793 Thread 0x000001d57d9d08b0  667       3       java.nio.HeapByteBuffer::ix (7 bytes)
Event: 0.793 Thread 0x000001d57d9d08b0 nmethod 667 0x000001d5000eb890 code [0x000001d5000eba20, 0x000001d5000ebb30]
Event: 0.793 Thread 0x000001d57d9d08b0  668       3       java.nio.HeapByteBuffer::get (14 bytes)
Event: 0.793 Thread 0x000001d57d9cd910 nmethod 664 0x000001d507b01810 code [0x000001d507b019a0, 0x000001d507b01a30]
Event: 0.793 Thread 0x000001d57d9cd910  666       4       java.nio.HeapByteBuffer::getChar (29 bytes)
Event: 0.794 Thread 0x000001d57d9d08b0 nmethod 668 0x000001d5000ebb90 code [0x000001d5000ebd60, 0x000001d5000ec030]
Event: 0.795 Thread 0x000001d57d9cd910 nmethod 666 0x000001d507b01b10 code [0x000001d507b01ca0, 0x000001d507b01dc0]
Event: 0.800 Thread 0x000001d57d9cd910  669       4       java.lang.StringUTF16::getChar (60 bytes)
Event: 0.801 Thread 0x000001d57d9cd910 nmethod 669 0x000001d507b01f10 code [0x000001d507b020a0, 0x000001d507b02188]
Event: 0.803 Thread 0x000001d57d9d08b0  670       3       java.nio.ByteBuffer::position (8 bytes)
Event: 0.803 Thread 0x000001d57d9d08b0 nmethod 670 0x000001d5000ec210 code [0x000001d5000ec3c0, 0x000001d5000ec510]
Event: 0.810 Thread 0x000001d57d9d08b0  671   !   3       java.lang.Thread::blockedOn (27 bytes)
Event: 0.810 Thread 0x000001d57d9d08b0 nmethod 671 0x000001d5000ec590 code [0x000001d5000ec740, 0x000001d5000ec9b0]
Event: 0.814 Thread 0x000001d57d9d08b0  673       3       java.awt.Component$1::getAppContext (5 bytes)
Event: 0.814 Thread 0x000001d57d9d08b0 nmethod 673 0x000001d5000eca90 code [0x000001d5000ecc20, 0x000001d5000ecd38]
Event: 0.819 Thread 0x000001d57d9d08b0  674       3       java.lang.Integer::hashCode (8 bytes)
Event: 0.819 Thread 0x000001d57d9cd910  676       4       java.util.HashMap::put (13 bytes)
Event: 0.819 Thread 0x000001d57d9d08b0 nmethod 674 0x000001d5000ece10 code [0x000001d5000ecfc0, 0x000001d5000ed128]
Event: 0.819 Thread 0x000001d57d9d08b0  675       3       java.lang.Integer::hashCode (2 bytes)
Event: 0.819 Thread 0x000001d57d9d08b0 nmethod 675 0x000001d5000ed210 code [0x000001d5000ed3a0, 0x000001d5000ed490]

GC Heap History (0 events):
No events

Dll operation events (13 events):
Event: 0.015 Loaded shared library C:\Program Files\Java\jdk-21\bin\java.dll
Event: 0.078 Loaded shared library C:\Program Files\Java\jdk-21\bin\jsvml.dll
Event: 0.148 Loaded shared library C:\Program Files\Java\jdk-21\bin\zip.dll
Event: 0.155 Loaded shared library C:\Program Files\Java\jdk-21\bin\instrument.dll
Event: 0.164 Loaded shared library C:\Program Files\Java\jdk-21\bin\net.dll
Event: 0.168 Loaded shared library C:\Program Files\Java\jdk-21\bin\nio.dll
Event: 0.176 Loaded shared library C:\Program Files\Java\jdk-21\bin\zip.dll
Event: 0.193 Loaded shared library C:\Program Files\JetBrains\IntelliJ IDEA Community Edition 2023.2.5\bin\breakgen64.dll
Event: 0.207 Loaded shared library C:\Program Files\Java\jdk-21\bin\extnet.dll
Event: 0.215 Loaded shared library C:\Program Files\Java\jdk-21\bin\jimage.dll
Event: 0.241 Loaded shared library C:\Program Files\Java\jdk-21\bin\awt.dll
Event: 0.709 Loaded shared library C:\Program Files\Java\jdk-21\bin\freetype.dll
Event: 0.733 Loaded shared library C:\Program Files\Java\jdk-21\bin\fontmanager.dll

Deoptimization events (20 events):
Event: 0.569 Thread 0x000001d56df17800 DEOPT PACKING pc=0x000001d507ade4e8 sp=0x00000072df4fea30
Event: 0.569 Thread 0x000001d56df17800 DEOPT UNPACKING pc=0x000001d5075846a2 sp=0x00000072df4fe9c8 mode 2
Event: 0.569 Thread 0x000001d56df17800 Uncommon trap: trap_request=0xffffffc6 fr.pc=0x000001d507ade4e8 relative=0x0000000000000b08
Event: 0.569 Thread 0x000001d56df17800 Uncommon trap: reason=bimorphic_or_optimized_type_check action=maybe_recompile pc=0x000001d507ade4e8 method=java.util.HashMap.putVal(ILjava/lang/Object;Ljava/lang/Object;ZZ)Ljava/lang/Object; @ 56 c2
Event: 0.569 Thread 0x000001d56df17800 DEOPT PACKING pc=0x000001d507ade4e8 sp=0x00000072df4fea30
Event: 0.570 Thread 0x000001d56df17800 DEOPT UNPACKING pc=0x000001d5075846a2 sp=0x00000072df4fe9c8 mode 2
Event: 0.570 Thread 0x000001d56df17800 Uncommon trap: trap_request=0xffffffc6 fr.pc=0x000001d507ade4e8 relative=0x0000000000000b08
Event: 0.570 Thread 0x000001d56df17800 Uncommon trap: reason=bimorphic_or_optimized_type_check action=maybe_recompile pc=0x000001d507ade4e8 method=java.util.HashMap.putVal(ILjava/lang/Object;Ljava/lang/Object;ZZ)Ljava/lang/Object; @ 56 c2
Event: 0.570 Thread 0x000001d56df17800 DEOPT PACKING pc=0x000001d507ade4e8 sp=0x00000072df4fea30
Event: 0.570 Thread 0x000001d56df17800 DEOPT UNPACKING pc=0x000001d5075846a2 sp=0x00000072df4fe9c8 mode 2
Event: 0.652 Thread 0x000001d56df17800 Uncommon trap: trap_request=0xffffff45 fr.pc=0x000001d507adefa8 relative=0x0000000000000188
Event: 0.652 Thread 0x000001d56df17800 Uncommon trap: reason=unstable_if action=reinterpret pc=0x000001d507adefa8 method=java.lang.String.equals(Ljava/lang/Object;)Z @ 33 c2
Event: 0.652 Thread 0x000001d56df17800 DEOPT PACKING pc=0x000001d507adefa8 sp=0x00000072df4ff040
Event: 0.652 Thread 0x000001d56df17800 DEOPT UNPACKING pc=0x000001d5075846a2 sp=0x00000072df4fefd0 mode 2
Event: 0.754 Thread 0x000001d56df17800 DEOPT PACKING pc=0x000001d500027d19 sp=0x00000072df4fde40
Event: 0.754 Thread 0x000001d56df17800 DEOPT UNPACKING pc=0x000001d507584e42 sp=0x00000072df4fd260 mode 0
Event: 0.768 Thread 0x000001d56df17800 Uncommon trap: trap_request=0xffffff45 fr.pc=0x000001d507afa264 relative=0x0000000000000944
Event: 0.768 Thread 0x000001d56df17800 Uncommon trap: reason=unstable_if action=reinterpret pc=0x000001d507afa264 method=java.util.HashMap.putVal(ILjava/lang/Object;Ljava/lang/Object;ZZ)Ljava/lang/Object; @ 181 c2
Event: 0.768 Thread 0x000001d56df17800 DEOPT PACKING pc=0x000001d507afa264 sp=0x00000072df4fdc70
Event: 0.768 Thread 0x000001d56df17800 DEOPT UNPACKING pc=0x000001d5075846a2 sp=0x00000072df4fdc10 mode 2

Classes loaded (20 events):
Event: 0.828 Loading class javax/swing/RepaintManager$2
Event: 0.828 Loading class javax/swing/RepaintManager$2 done
Event: 0.828 Loading class java/awt/event/WindowEvent
Event: 0.828 Loading class java/awt/event/WindowEvent done
Event: 0.830 Loading class sun/java2d/ScreenUpdateManager
Event: 0.830 Loading class sun/java2d/ScreenUpdateManager done
Event: 0.830 Loading class sun/java2d/d3d/D3DScreenUpdateManager
Event: 0.830 Loading class sun/java2d/d3d/D3DScreenUpdateManager done
Event: 0.832 Loading class sun/java2d/d3d/D3DGraphicsConfig
Event: 0.832 Loading class sun/java2d/pipe/hw/AccelGraphicsConfig
Event: 0.832 Loading class sun/java2d/pipe/hw/BufferedContextProvider
Event: 0.832 Loading class sun/java2d/pipe/hw/BufferedContextProvider done
Event: 0.832 Loading class sun/java2d/pipe/hw/AccelGraphicsConfig done
Event: 0.832 Loading class sun/java2d/d3d/D3DGraphicsConfig done
Event: 0.832 Loading class sun/java2d/windows/GDIWindowSurfaceData
Event: 0.832 Loading class sun/java2d/windows/GDIWindowSurfaceData done
Event: 0.833 Loading class sun/java2d/loops/XORComposite
Event: 0.833 Loading class java/awt/Composite
Event: 0.833 Loading class java/awt/Composite done
Event: 0.833 Loading class sun/java2d/loops/XORComposite done

Classes unloaded (0 events):
No events

Classes redefined (0 events):
No events

Internal exceptions (13 events):
Event: 0.178 Thread 0x000001d56df17800 Exception <a 'java/lang/NoSuchMethodError'{0x00000000915384b8}: 'void java.lang.invoke.DirectMethodHandle$Holder.invokeStatic(java.lang.Object, java.lang.Object, java.lang.Object)'> (0x00000000915384b8) 
thrown [s\open\src\hotspot\share\interpreter\linkResolver.cpp, line 773]
Event: 0.187 Thread 0x000001d56df17800 Exception <a 'java/lang/NoSuchMethodError'{0x000000009154f9c0}: 'java.lang.Object java.lang.invoke.Invokers$Holder.invokeExact_MT(java.lang.Object, java.lang.Object, java.lang.Object, java.lang.Object, java.lang.Object)'> (0x000000009154f9c0) 
thrown [s\open\src\hotspot\share\interpreter\linkResolver.cpp, line 773]
Event: 0.209 Thread 0x000001d57dd14730 Exception <a 'java/lang/NoSuchMethodError'{0x000000009157e908}: 'void java.lang.invoke.DirectMethodHandle$Holder.invokeStatic(java.lang.Object, java.lang.Object)'> (0x000000009157e908) 
thrown [s\open\src\hotspot\share\interpreter\linkResolver.cpp, line 773]
Event: 0.225 Thread 0x000001d56df17800 Exception <a 'java/lang/ClassNotFoundException'{0x000000009156db70}: sun/awt/resources/spi/awtProvider> (0x000000009156db70) 
thrown [s\open\src\hotspot\share\classfile\systemDictionary.cpp, line 312]
Event: 0.258 Thread 0x000001d56df17800 Exception <a 'java/io/FileNotFoundException'{0x0000000091436468}> (0x0000000091436468) 
thrown [s\open\src\hotspot\share\prims\jni.cpp, line 520]
Event: 0.267 Thread 0x000001d56df17800 Exception <a 'java/io/FileNotFoundException'{0x0000000091460290}> (0x0000000091460290) 
thrown [s\open\src\hotspot\share\prims\jni.cpp, line 520]
Event: 0.491 Thread 0x000001d56df17800 Exception <a 'java/lang/NoSuchMethodError'{0x00000000914e87f8}: 'void java.lang.invoke.DirectMethodHandle$Holder.invokeSpecial(java.lang.Object, java.lang.Object, java.lang.Object)'> (0x00000000914e87f8) 
thrown [s\open\src\hotspot\share\interpreter\linkResolver.cpp, line 773]
Event: 0.506 Thread 0x000001d56df17800 Exception <a 'java/lang/NoSuchMethodError'{0x0000000091398450}: 'java.lang.Object java.lang.invoke.DirectMethodHandle$Holder.newInvokeSpecial(java.lang.Object, java.lang.Object, java.lang.Object, java.lang.Object, java.lang.Object)'> (0x0000000091398450) 
thrown [s\open\src\hotspot\share\interpreter\linkResolver.cpp, line 773]
Event: 0.520 Thread 0x000001d56df17800 Exception <a 'java/lang/NoSuchMethodError'{0x00000000913c3dd8}: 'java.lang.Object java.lang.invoke.DirectMethodHandle$Holder.invokeStatic(java.lang.Object, int, java.lang.Object)'> (0x00000000913c3dd8) 
thrown [s\open\src\hotspot\share\interpreter\linkResolver.cpp, line 773]
Event: 0.568 Thread 0x000001d56df17800 Exception <a 'java/lang/ClassNotFoundException'{0x0000000091263868}: com/sun/swing/internal/plaf/metal/resources/spi/metalProvider> (0x0000000091263868) 
thrown [s\open\src\hotspot\share\classfile\systemDictionary.cpp, line 312]
Event: 0.570 Thread 0x000001d56df17800 Exception <a 'java/lang/ClassNotFoundException'{0x00000000912677c8}: com/sun/swing/internal/plaf/basic/resources/spi/basicProvider> (0x00000000912677c8) 
thrown [s\open\src\hotspot\share\classfile\systemDictionary.cpp, line 312]
Event: 0.592 Thread 0x000001d56df17800 Exception <a 'java/lang/NoSuchMethodError'{0x0000000091283af8}: 'int java.lang.invoke.Invokers$Holder.invokeExact_MT(java.lang.Object, java.lang.Object)'> (0x0000000091283af8) 
thrown [s\open\src\hotspot\share\interpreter\linkResolver.cpp, line 773]
Event: 0.826 Thread 0x000001d57de84dd0 Exception <a 'java/lang/NoSuchMethodError'{0x000000009130efb0}: 'void java.lang.invoke.DirectMethodHandle$Holder.invokeVirtual(java.lang.Object, java.lang.Object)'> (0x000000009130efb0) 
thrown [s\open\src\hotspot\share\interpreter\linkResolver.cpp, line 773]

ZGC Phase Switch (0 events):
No events

VM Operations (4 events):
Event: 0.124 Executing VM operation: HandshakeAllThreads (Deoptimize)
Event: 0.124 Executing VM operation: HandshakeAllThreads (Deoptimize) done
Event: 0.641 Executing VM operation: HandshakeAllThreads (Deoptimize)
Event: 0.641 Executing VM operation: HandshakeAllThreads (Deoptimize) done

Events (16 events):
Event: 0.048 Thread 0x000001d56df17800 Thread added: 0x000001d56df17800
Event: 0.074 Thread 0x000001d57d99c350 Thread added: 0x000001d57d99c350
Event: 0.075 Thread 0x000001d57d99d220 Thread added: 0x000001d57d99d220
Event: 0.075 Thread 0x000001d57d9a4970 Thread added: 0x000001d57d9a4970
Event: 0.075 Thread 0x000001d57d9c53e0 Thread added: 0x000001d57d9c53e0
Event: 0.076 Thread 0x000001d57d9c6790 Thread added: 0x000001d57d9c6790
Event: 0.076 Thread 0x000001d57d9c74d0 Thread added: 0x000001d57d9c74d0
Event: 0.076 Thread 0x000001d57d9cd910 Thread added: 0x000001d57d9cd910
Event: 0.076 Thread 0x000001d57d9d08b0 Thread added: 0x000001d57d9d08b0
Event: 0.113 Thread 0x000001d57dc1ec90 Thread added: 0x000001d57dc1ec90
Event: 0.194 Thread 0x000001d57dd14730 Thread added: 0x000001d57dd14730
Event: 0.194 Thread 0x000001d57dd14da0 Thread added: 0x000001d57dd14da0
Event: 0.339 Thread 0x000001d57de7de70 Thread added: 0x000001d57de7de70
Event: 0.341 Thread 0x000001d57de81420 Thread added: 0x000001d57de81420
Event: 0.344 Thread 0x000001d57de84dd0 Thread added: 0x000001d57de84dd0
Event: 0.693 Thread 0x000001d57df5e020 Thread added: 0x000001d57df5e020


Dynamic libraries:
0x00007ff661520000 - 0x00007ff661530000 	C:\Program Files\Java\jdk-21\bin\java.exe
0x00007ffe29610000 - 0x00007ffe29826000 	C:\Windows\SYSTEM32\ntdll.dll
0x00007ffe28560000 - 0x00007ffe28624000 	C:\Windows\System32\KERNEL32.DLL
0x00007ffe26be0000 - 0x00007ffe26f87000 	C:\Windows\System32\KERNELBASE.dll
0x00007ffe26ac0000 - 0x00007ffe26bd1000 	C:\Windows\System32\ucrtbase.dll
0x00007ffe1f2a0000 - 0x00007ffe1f2bb000 	C:\Program Files\Java\jdk-21\bin\VCRUNTIME140.dll
0x00007ffe0ac60000 - 0x00007ffe0ac79000 	C:\Program Files\Java\jdk-21\bin\jli.dll
0x00007ffe28eb0000 - 0x00007ffe28f62000 	C:\Windows\System32\ADVAPI32.dll
0x00007ffe27880000 - 0x00007ffe27927000 	C:\Windows\System32\msvcrt.dll
0x00007ffe28220000 - 0x00007ffe282c8000 	C:\Windows\System32\sechost.dll
0x00007ffe26a90000 - 0x00007ffe26ab8000 	C:\Windows\System32\bcrypt.dll
0x00007ffe28d70000 - 0x00007ffe28e85000 	C:\Windows\System32\RPCRT4.dll
0x00007ffe28980000 - 0x00007ffe28b2e000 	C:\Windows\System32\USER32.dll
0x00007ffe13e30000 - 0x00007ffe140c3000 	C:\Windows\WinSxS\amd64_microsoft.windows.common-controls_6595b64144ccf1df_6.0.22621.3235_none_270f74e173860f98\COMCTL32.dll
0x00007ffe26f90000 - 0x00007ffe26fb6000 	C:\Windows\System32\win32u.dll
0x00007ffe295a0000 - 0x00007ffe295c9000 	C:\Windows\System32\GDI32.dll
0x00007ffe27220000 - 0x00007ffe27339000 	C:\Windows\System32\gdi32full.dll
0x00007ffe26930000 - 0x00007ffe269ca000 	C:\Windows\System32\msvcp_win.dll
0x00007ffe1eb80000 - 0x00007ffe1eb8a000 	C:\Windows\SYSTEM32\VERSION.dll
0x00007ffe28630000 - 0x00007ffe28661000 	C:\Windows\System32\IMM32.DLL
0x00007ffe22170000 - 0x00007ffe2217c000 	C:\Program Files\Java\jdk-21\bin\vcruntime140_1.dll
0x00007ffdeefd0000 - 0x00007ffdef05e000 	C:\Program Files\Java\jdk-21\bin\msvcp140.dll
0x00007ffd80a90000 - 0x00007ffd817a5000 	C:\Program Files\Java\jdk-21\bin\server\jvm.dll
0x00007ffe28b30000 - 0x00007ffe28ba1000 	C:\Windows\System32\WS2_32.dll
0x00007ffe26260000 - 0x00007ffe262ad000 	C:\Windows\SYSTEM32\POWRPROF.dll
0x00007ffe1eb40000 - 0x00007ffe1eb74000 	C:\Windows\SYSTEM32\WINMM.dll
0x00007ffe26240000 - 0x00007ffe26253000 	C:\Windows\SYSTEM32\UMPDC.dll
0x00007ffe25930000 - 0x00007ffe25948000 	C:\Windows\SYSTEM32\kernel.appcore.dll
0x00007ffe22130000 - 0x00007ffe2213a000 	C:\Program Files\Java\jdk-21\bin\jimage.dll
0x00007ffe1d610000 - 0x00007ffe1d843000 	C:\Windows\SYSTEM32\DBGHELP.DLL
0x00007ffe274d0000 - 0x00007ffe27858000 	C:\Windows\System32\combase.dll
0x00007ffe27340000 - 0x00007ffe27417000 	C:\Windows\System32\OLEAUT32.dll
0x00007ffe1d1e0000 - 0x00007ffe1d212000 	C:\Windows\SYSTEM32\dbgcore.DLL
0x00007ffe271a0000 - 0x00007ffe27219000 	C:\Windows\System32\bcryptPrimitives.dll
0x00007ffe1f280000 - 0x00007ffe1f28f000 	C:\Program Files\Java\jdk-21\bin\instrument.dll
0x00007ffe05490000 - 0x00007ffe054af000 	C:\Program Files\Java\jdk-21\bin\java.dll
0x00007ffe279c0000 - 0x00007ffe2821c000 	C:\Windows\System32\SHELL32.dll
0x00007ffe24840000 - 0x00007ffe25139000 	C:\Windows\SYSTEM32\windows.storage.dll
0x00007ffe24700000 - 0x00007ffe2483e000 	C:\Windows\SYSTEM32\wintypes.dll
0x00007ffe287c0000 - 0x00007ffe288b3000 	C:\Windows\System32\SHCORE.dll
0x00007ffe28920000 - 0x00007ffe2897e000 	C:\Windows\System32\shlwapi.dll
0x00007ffe26860000 - 0x00007ffe26881000 	C:\Windows\SYSTEM32\profapi.dll
0x00007ffddf170000 - 0x00007ffddf247000 	C:\Program Files\Java\jdk-21\bin\jsvml.dll
0x00007ffe05420000 - 0x00007ffe05438000 	C:\Program Files\Java\jdk-21\bin\zip.dll
0x00007ffe0ee50000 - 0x00007ffe0ee60000 	C:\Program Files\Java\jdk-21\bin\net.dll
0x00007ffe212d0000 - 0x00007ffe21406000 	C:\Windows\SYSTEM32\WINHTTP.dll
0x00007ffe25d90000 - 0x00007ffe25df9000 	C:\Windows\system32\mswsock.dll
0x00007ffe04060000 - 0x00007ffe04076000 	C:\Program Files\Java\jdk-21\bin\nio.dll
0x00007ffdeefb0000 - 0x00007ffdeefca000 	C:\Program Files\JetBrains\IntelliJ IDEA Community Edition 2023.2.5\bin\breakgen64.dll
0x00007ffe0ac50000 - 0x00007ffe0ac57000 	C:\Program Files\Java\jdk-21\bin\extnet.dll
0x00007ffdb4cc0000 - 0x00007ffdb4e4f000 	C:\Program Files\Java\jdk-21\bin\awt.dll
0x00007ffe23c70000 - 0x00007ffe23d07000 	C:\Windows\SYSTEM32\apphelp.dll
0x00007ffe24020000 - 0x00007ffe2404b000 	C:\Windows\system32\DWMAPI.DLL
0x00007ffe23df0000 - 0x00007ffe23e9b000 	C:\Windows\system32\uxtheme.dll
0x00007ffdc65a0000 - 0x00007ffdc66a0000 	C:\Windows\system32\opengl32.dll
0x00007ffdeedb0000 - 0x00007ffdeeddd000 	C:\Windows\SYSTEM32\GLU32.dll
0x00007ffe24060000 - 0x00007ffe24099000 	C:\Windows\SYSTEM32\dxcore.dll
0x00007ffe28400000 - 0x00007ffe28553000 	C:\Windows\System32\MSCTF.dll
0x00007ffe28f70000 - 0x00007ffe29115000 	C:\Windows\System32\ole32.dll
0x00007ffded030000 - 0x00007ffded1d9000 	C:\Windows\system32\d3d9.dll
0x00007ffe1edc0000 - 0x00007ffe1ef7b000 	C:\Windows\System32\DriverStore\FileRepository\u0387562.inf_amd64_e447808788b616f4\B385286\aticfx64.dll
0x00007ffdecff0000 - 0x00007ffded024000 	C:\Windows\System32\DriverStore\FileRepository\u0387562.inf_amd64_e447808788b616f4\B385286\atiu9p64.dll
0x00007ffde6760000 - 0x00007ffde74b5000 	C:\Windows\System32\DriverStore\FileRepository\u0387562.inf_amd64_e447808788b616f4\B385286\atiumd64.dll
0x0000000057c80000 - 0x0000000058ba7000 	C:\Windows\System32\DriverStore\FileRepository\u0387562.inf_amd64_e447808788b616f4\B385286\atiumd6a.dll
0x00007ffe29120000 - 0x00007ffe29594000 	C:\Windows\System32\SETUPAPI.dll
0x00007ffe1e390000 - 0x00007ffe1e3c5000 	C:\Windows\SYSTEM32\amdihk64.dll
0x00007ffe214f0000 - 0x00007ffe2153a000 	C:\Windows\SYSTEM32\directxdatabasehelper.dll
0x00007ffde2b30000 - 0x00007ffde2bb7000 	C:\Program Files\Java\jdk-21\bin\freetype.dll
0x00007ffdb6b10000 - 0x00007ffdb6be3000 	C:\Program Files\Java\jdk-21\bin\fontmanager.dll
0x00007ffe27420000 - 0x00007ffe274d0000 	C:\Windows\System32\clbcatq.dll
0x00007ffe22690000 - 0x00007ffe22840000 	C:\Windows\SYSTEM32\WindowsCodecs.dll
0x00007ffe0ea80000 - 0x00007ffe0eade000 	C:\Windows\system32\dataexchange.dll
0x00007ffe1f9f0000 - 0x00007ffe1fc7e000 	C:\Windows\system32\twinapi.appcore.dll

dbghelp: loaded successfully - version: 4.0.5 - missing functions: none
symbol engine: initialized successfully - sym options: 0x614 - pdb path: .;C:\Program Files\Java\jdk-21\bin;C:\Windows\SYSTEM32;C:\Windows\WinSxS\amd64_microsoft.windows.common-controls_6595b64144ccf1df_6.0.22621.3235_none_270f74e173860f98;C:\Program Files\Java\jdk-21\bin\server;C:\Program Files\JetBrains\IntelliJ IDEA Community Edition 2023.2.5\bin;C:\Windows\System32\DriverStore\FileRepository\u0387562.inf_amd64_e447808788b616f4\B385286

VM Arguments:
jvm_args: -javaagent:C:\Program Files\JetBrains\IntelliJ IDEA Community Edition 2023.2.5\lib\idea_rt.jar=50388:C:\Program Files\JetBrains\IntelliJ IDEA Community Edition 2023.2.5\bin -Dfile.encoding=UTF-8 -Dsun.stdout.encoding=UTF-8 -Dsun.stderr.encoding=UTF-8 
java_command: student.registration.StudentRegistrationForm
java_class_path (initial): C:\Users\Mohamed Nabil\IdeaProjects\StudentRegistration\out\production\StudentRegistration
Launcher Type: SUN_STANDARD

[Global flags]
     intx CICompilerCount                          = 4                                         {product} {ergonomic}
     uint ConcGCThreads                            = 3                                         {product} {ergonomic}
     uint G1ConcRefinementThreads                  = 10                                        {product} {ergonomic}
   size_t G1HeapRegionSize                         = 1048576                                   {product} {ergonomic}
    uintx GCDrainStackTargetSize                   = 64                                        {product} {ergonomic}
   size_t InitialHeapSize                          = 123731968                                 {product} {ergonomic}
   size_t MarkStackSize                            = 4194304                                   {product} {ergonomic}
   size_t MaxHeapSize                              = 1977614336                                {product} {ergonomic}
   size_t MaxNewSize                               = 1185939456                                {product} {ergonomic}
   size_t MinHeapDeltaBytes                        = 1048576                                   {product} {ergonomic}
   size_t MinHeapSize                              = 8388608                                   {product} {ergonomic}
    uintx NonNMethodCodeHeapSize                   = 5839372                                {pd product} {ergonomic}
    uintx NonProfiledCodeHeapSize                  = 122909434                              {pd product} {ergonomic}
    uintx ProfiledCodeHeapSize                     = 122909434                              {pd product} {ergonomic}
    uintx ReservedCodeCacheSize                    = 251658240                              {pd product} {ergonomic}
     bool SegmentedCodeCache                       = true                                      {product} {ergonomic}
   size_t SoftMaxHeapSize                          = 1977614336                             {manageable} {ergonomic}
     bool UseCompressedOops                        = true                           {product lp64_product} {ergonomic}
     bool UseG1GC                                  = true                                      {product} {ergonomic}
     bool UseLargePagesIndividualAllocation        = false                                  {pd product} {ergonomic}

Logging:
Log output configuration:
 #0: stdout all=warning uptime,level,tags foldmultilines=false
 #1: stderr all=off uptime,level,tags foldmultilines=false

Environment Variables:
JAVA_HOME=C:\Program Files\Java\jre1.8.0_351
PATH=C:\Program Files (x86)\VMware\VMware Player\bin\;C:\Program Files\Common Files\Oracle\Java\javapath;C:\Program Files (x86)\Common Files\Oracle\Java\javapath;C:\Windows\system32;C:\Windows;C:\Windows\System32\Wbem;C:\Windows\System32\WindowsPowerShell\v1.0\;C:\Windows\System32\OpenSSH\;C:\Program Files\Git\cmd;C:\Program Files\Java\jdk-21\bin;C:\Program Files\Java\jre1.8.0_351\bin;C:\Program Files\nodejs\;C:\Program Files\MySQL\MySQL Server 8.0\bin;C:\Program Files (x86)\Microsoft SQL Server\160\Tools\Binn\;C:\Program Files\Microsoft SQL Server\160\Tools\Binn\;C:\Program Files\Microsoft SQL Server\Client SDK\ODBC\170\Tools\Binn\;C:\Program Files\Microsoft SQL Server\160\DTS\Binn\;C:\Program Files (x86)\Microsoft SQL Server\160\DTS\Binn\;C:\Program Files\Azure Data Studio\bin;C:\Program Files\dotnet\;C:\Program Files\PuTTY\;C:\ProgramData\ComposerSetup\bin;C:\Program Files\MySQL\MySQL Shell 8.0\bin\;C:\Users\Mohamed Nabil\AppData\Local\Programs\Python\Python312\Scripts\;C:\Users\Mohamed Nabil\AppData\Local\Programs\Python\Python312\;C:\Users\Mohamed Nabil\.console-ninja\.bin;C:\Users\Mohamed Nabil\AppData\Local\Microsoft\WindowsApps;C:\Users\Mohamed Nabil\AppData\Local\Programs\Microsoft VS Code\bin;C:\Program Files\JetBrains\IntelliJ IDEA Community Edition 2023.2.5\bin;C:\Program Files\JetBrains\PyCharm Community Edition 2023.2.4\bin;C:\Users\Mohamed Nabil\AppData\Roaming\npm;C:\Program Files\JetBrains\PhpStorm 2023.3.2\bin;C:\Users\Mohamed Nabil\AppData\Local\GitHubDesktop\bin;C:\Program Files\JetBrains\CLion 2023.3.2\bin;C:\src\flutter\bin;C:\Program Files\JetBrains\WebStorm 2023.3.2\bin;C:\Users\Mohamed Nabil\.dotnet\tools;C:\PHP;C:\Users\Mohamed Nabil\AppData\Roaming\Composer\vendor\bin
USERNAME=Mohamed Nabil
OS=Windows_NT
PROCESSOR_IDENTIFIER=AMD64 Family 23 Model 104 Stepping 1, AuthenticAMD
TMP=C:\Users\MOHAME~1\AppData\Local\Temp
TEMP=C:\Users\MOHAME~1\AppData\Local\Temp




Periodic native trim disabled

---------------  S Y S T E M  ---------------

OS:
 Windows 11 , 64 bit Build 22621 (10.0.22621.3374)
OS uptime: 5 days 1:07 hours
Hyper-V role detected

CPU: total 12 (initial active 12) (12 cores per cpu, 2 threads per core) family 23 model 104 stepping 1 microcode 0x0, cx8, cmov, fxsr, ht, mmx, 3dnowpref, sse, sse2, sse3, ssse3, sse4a, sse4.1, sse4.2, popcnt, lzcnt, tsc, tscinvbit, avx, avx2, aes, clmul, bmi1, bmi2, adx, sha, fma, vzeroupper, clflush, clflushopt, hv, rdtscp, rdpid, f16c
Processor Information for processor 0
  Max Mhz: 2100, Current Mhz: 1893, Mhz Limit: 2100
Processor Information for processor 1
  Max Mhz: 2100, Current Mhz: 1893, Mhz Limit: 2100
Processor Information for processor 2
  Max Mhz: 2100, Current Mhz: 1813, Mhz Limit: 2100
Processor Information for processor 3
  Max Mhz: 2100, Current Mhz: 1893, Mhz Limit: 2100
Processor Information for processor 4
  Max Mhz: 2100, Current Mhz: 1893, Mhz Limit: 2100
Processor Information for processor 5
  Max Mhz: 2100, Current Mhz: 1893, Mhz Limit: 2100
Processor Information for processor 6
  Max Mhz: 2100, Current Mhz: 1813, Mhz Limit: 2100
Processor Information for processor 7
  Max Mhz: 2100, Current Mhz: 1893, Mhz Limit: 2100
Processor Information for processor 8
  Max Mhz: 2100, Current Mhz: 1893, Mhz Limit: 2100
Processor Information for processor 9
  Max Mhz: 2100, Current Mhz: 1893, Mhz Limit: 2100
Processor Information for processor 10
  Max Mhz: 2100, Current Mhz: 1813, Mhz Limit: 2100
Processor Information for processor 11
  Max Mhz: 2100, Current Mhz: 1813, Mhz Limit: 2100

Memory: 4k page, system-wide physical 7541M (859M free)
TotalPageFile size 14164M (AvailPageFile size 2M)
current process WorkingSet (physical memory assigned to process): 66M, peak: 66M
current process commit charge ("private bytes"): 226M, peak: 227M

vm_info: Java HotSpot(TM) 64-Bit Server VM (21.0.1+12-LTS-29) for windows-amd64 JRE (21.0.1+12-LTS-29), built on 2023-10-05T13:27:09Z by "mach5one" with MS VC++ 17.1 (VS2022)

END.
